#
# There is insufficient memory for the Java Runtime Environment to continue.
# Native memory allocation (malloc) failed to allocate 33504 bytes for Chunk::new
# Possible reasons:
#   The system is out of physical RAM or swap space
#   The process is running with CompressedOops enabled, and the Java Heap may be blocking the growth of the native heap
# Possible solutions:
#   Reduce memory load on the system
#   Increase physical memory or swap space
#   Check if swap backing store is full
#   Decrease Java heap size (-Xmx/-Xms)
#   Decrease number of Java threads
#   Decrease Java thread stack sizes (-Xss)
#   Set larger code cache with -XX:ReservedCodeCacheSize=
#   JVM is running with Unscaled Compressed Oops mode in which the Java heap is
#     placed in the first 4GB address space. The Java Heap base address is the
#     maximum limit for the native heap growth. Please use -XX:HeapBaseMinAddress
#     to set the Java Heap base and to place the Java Heap above 4GB virtual address.
# This output file may be truncated or incomplete.
#
#  Out of Memory Error (allocation.cpp:389), pid=5576, tid=0x000000000000098c
#
# JRE version: Java(TM) SE Runtime Environment (8.0_251-b08) (build 1.8.0_251-b08)
# Java VM: Java HotSpot(TM) 64-Bit Server VM (25.251-b08 mixed mode windows-amd64 compressed oops)
# Failed to write core dump. Minidumps are not enabled by default on client versions of Windows
#

---------------  T H R E A D  ---------------

Current thread (0x0000000016a2a000):  JavaThread "C2 CompilerThread1" daemon [_thread_in_native, id=2444, stack(0x00000000171a0000,0x00000000172a0000)]

Stack: [0x00000000171a0000,0x00000000172a0000]
[error occurred during error reporting (printing stack bounds), id 0xc0000005]

Native frames: (J=compiled Java code, j=interpreted, Vv=VM code, C=native code)


Current CompileTask:
C2:   4206  675   !   4       sun.misc.URLClassPath$JarLoader::getResource (85 bytes)


---------------  P R O C E S S  ---------------

Java Threads: ( => current thread )
  0x0000000016aa7800 JavaThread "Service Thread" daemon [_thread_blocked, id=21180, stack(0x00000000173a0000,0x00000000174a0000)]
  0x0000000016a2e000 JavaThread "C1 CompilerThread2" daemon [_thread_blocked, id=10828, stack(0x00000000172a0000,0x00000000173a0000)]
=>0x0000000016a2a000 JavaThread "C2 CompilerThread1" daemon [_thread_in_native, id=2444, stack(0x00000000171a0000,0x00000000172a0000)]
  0x0000000016a28000 JavaThread "C2 CompilerThread0" daemon [_thread_blocked, id=21152, stack(0x00000000170a0000,0x00000000171a0000)]
  0x0000000016a22000 JavaThread "Attach Listener" daemon [_thread_blocked, id=4860, stack(0x0000000016fa0000,0x00000000170a0000)]
  0x0000000016a20800 JavaThread "Signal Dispatcher" daemon [_thread_blocked, id=10464, stack(0x0000000016ea0000,0x0000000016fa0000)]
  0x0000000002f5b800 JavaThread "Finalizer" daemon [_thread_blocked, id=9420, stack(0x0000000016890000,0x0000000016990000)]
  0x000000001561a000 JavaThread "Reference Handler" daemon [_thread_blocked, id=21516, stack(0x0000000016790000,0x0000000016890000)]
  0x00000000028fe000 JavaThread "main" [_thread_in_native, id=10600, stack(0x0000000002d60000,0x0000000002e60000)]

Other Threads:
  0x00000000155f8000 VMThread [stack: 0x0000000016690000,0x0000000016790000] [id=10688]
  0x0000000016b1b000 WatcherThread [stack: 0x00000000174a0000,0x00000000175a0000] [id=19744]

VM state:not at safepoint (normal execution)

VM Mutex/Monitor currently owned by a thread: None

heap address: 0x00000000c0000000, size: 1024 MB, Compressed Oops mode: 32-bit
Narrow klass base: 0x0000000000000000, Narrow klass shift: 3
Compressed class space size: 1073741824 Address: 0x0000000100000000

Heap:
 PSYoungGen      total 38400K, used 16111K [0x00000000eab00000, 0x00000000ed580000, 0x0000000100000000)
  eden space 33280K, 48% used [0x00000000eab00000,0x00000000ebabbdf8,0x00000000ecb80000)
  from space 5120K, 0% used [0x00000000ed080000,0x00000000ed080000,0x00000000ed580000)
  to   space 5120K, 0% used [0x00000000ecb80000,0x00000000ecb80000,0x00000000ed080000)
 ParOldGen       total 87552K, used 0K [0x00000000c0000000, 0x00000000c5580000, 0x00000000eab00000)
  object space 87552K, 0% used [0x00000000c0000000,0x00000000c0000000,0x00000000c5580000)
 Metaspace       used 7391K, capacity 7672K, committed 7936K, reserved 1056768K
  class space    used 896K, capacity 976K, committed 1024K, reserved 1048576K

Card table byte_map: [0x0000000012320000,0x0000000012530000] byte_map_base: 0x0000000011d20000

Marking Bits: (ParMarkBitMap*) 0x000000006aceaf90
 Begin Bits: [0x0000000012a90000, 0x0000000013a90000)
 End Bits:   [0x0000000013a90000, 0x0000000014a90000)

Polling page: 0x00000000009c0000

CodeCache: size=245760Kb used=2855Kb max_used=2858Kb free=242904Kb
 bounds [0x0000000002f60000, 0x0000000003230000, 0x0000000011f60000]
 total_blobs=984 nmethods=675 adapters=222
 compilation: enabled

Compilation events (10 events):
Event: 4.075 Thread 0x0000000016a2a000 nmethod 671 0x000000000322b3d0 code [0x000000000322b520, 0x000000000322b858]
Event: 4.075 Thread 0x0000000016a2e000  672       3       java.util.jar.JavaUtilJarAccessImpl::getTrustedAttributes (6 bytes)
Event: 4.075 Thread 0x0000000016a2e000 nmethod 672 0x0000000003224510 code [0x0000000003224680, 0x0000000003224828]
Event: 4.075 Thread 0x0000000016a2e000  673       3       java.util.jar.Manifest::getTrustedAttributes (57 bytes)
Event: 4.076 Thread 0x0000000016a2e000 nmethod 673 0x000000000322a150 code [0x000000000322a360, 0x000000000322aeb8]
Event: 4.082 Thread 0x0000000016a2e000  674       3       worker.org.gradle.internal.classloader.FilteringClassLoader$TrieSet::contains (11 bytes)
Event: 4.083 Thread 0x0000000016a2e000 nmethod 674 0x0000000003229cd0 code [0x0000000003229e40, 0x000000000322a068]
Event: 4.085 Thread 0x0000000016a2a000  675   !   4       sun.misc.URLClassPath$JarLoader::getResource (85 bytes)
Event: 4.088 Thread 0x0000000016a2e000  676   !   3       sun.misc.URLClassPath$JarLoader::checkResource (55 bytes)
Event: 4.088 Thread 0x0000000016a2e000 nmethod 676 0x0000000003229150 code [0x0000000003229300, 0x0000000003229968]

GC Heap History (0 events):
No events

Deoptimization events (4 events):
Event: 2.001 Thread 0x00000000028fe000 Uncommon trap: reason=unstable_if action=reinterpret pc=0x0000000003077948 method=java.lang.String.equalsIgnoreCase(Ljava/lang/String;)Z @ 39
Event: 2.915 Thread 0x00000000028fe000 Uncommon trap: reason=null_check action=make_not_entrant pc=0x0000000003068228 method=java.lang.String.equals(Ljava/lang/Object;)Z @ 8
Event: 2.969 Thread 0x00000000028fe000 Uncommon trap: reason=unstable_if action=reinterpret pc=0x0000000003078a70 method=java.lang.String.regionMatches(ZILjava/lang/String;II)Z @ 41
Event: 3.075 Thread 0x00000000028fe000 Uncommon trap: reason=unstable_if action=reinterpret pc=0x00000000030de108 method=java.lang.String.startsWith(Ljava/lang/String;I)Z @ 25

Classes redefined (0 events):
No events

Internal exceptions (10 events):
Event: 3.098 Thread 0x00000000028fe000 Exception <a 'java/security/PrivilegedActionException'> (0x00000000eb62c830) thrown at [C:\jenkins\workspace\8-2-build-windows-amd64-cygwin\jdk8u251\737\hotspot\src\share\vm\prims\jvm.cpp, line 1502]
Event: 3.098 Thread 0x00000000028fe000 Exception <a 'java/security/PrivilegedActionException'> (0x00000000eb62cc28) thrown at [C:\jenkins\workspace\8-2-build-windows-amd64-cygwin\jdk8u251\737\hotspot\src\share\vm\prims\jvm.cpp, line 1502]
Event: 3.246 Thread 0x00000000028fe000 Exception <a 'java/security/PrivilegedActionException'> (0x00000000eb6e5518) thrown at [C:\jenkins\workspace\8-2-build-windows-amd64-cygwin\jdk8u251\737\hotspot\src\share\vm\prims\jvm.cpp, line 1502]
Event: 3.246 Thread 0x00000000028fe000 Exception <a 'java/security/PrivilegedActionException'> (0x00000000eb6e5910) thrown at [C:\jenkins\workspace\8-2-build-windows-amd64-cygwin\jdk8u251\737\hotspot\src\share\vm\prims\jvm.cpp, line 1502]
Event: 3.246 Thread 0x00000000028fe000 Exception <a 'java/security/PrivilegedActionException'> (0x00000000eb6e7380) thrown at [C:\jenkins\workspace\8-2-build-windows-amd64-cygwin\jdk8u251\737\hotspot\src\share\vm\prims\jvm.cpp, line 1502]
Event: 3.246 Thread 0x00000000028fe000 Exception <a 'java/security/PrivilegedActionException'> (0x00000000eb6e7778) thrown at [C:\jenkins\workspace\8-2-build-windows-amd64-cygwin\jdk8u251\737\hotspot\src\share\vm\prims\jvm.cpp, line 1502]
Event: 3.247 Thread 0x00000000028fe000 Exception <a 'java/security/PrivilegedActionException'> (0x00000000eb6e8ea0) thrown at [C:\jenkins\workspace\8-2-build-windows-amd64-cygwin\jdk8u251\737\hotspot\src\share\vm\prims\jvm.cpp, line 1502]
Event: 3.247 Thread 0x00000000028fe000 Exception <a 'java/security/PrivilegedActionException'> (0x00000000eb6e9298) thrown at [C:\jenkins\workspace\8-2-build-windows-amd64-cygwin\jdk8u251\737\hotspot\src\share\vm\prims\jvm.cpp, line 1502]
Event: 3.247 Thread 0x00000000028fe000 Exception <a 'java/security/PrivilegedActionException'> (0x00000000eb6ea9c0) thrown at [C:\jenkins\workspace\8-2-build-windows-amd64-cygwin\jdk8u251\737\hotspot\src\share\vm\prims\jvm.cpp, line 1502]
Event: 3.247 Thread 0x00000000028fe000 Exception <a 'java/security/PrivilegedActionException'> (0x00000000eb6eadb8) thrown at [C:\jenkins\workspace\8-2-build-windows-amd64-cygwin\jdk8u251\737\hotspot\src\share\vm\prims\jvm.cpp, line 1502]

Events (10 events):
Event: 4.081 loading class org/gradle/internal/remote/internal/hub/queue/MultiEndPointQueue
Event: 4.081 loading class org/gradle/internal/remote/internal/hub/queue/MultiEndPointQueue done
Event: 4.082 loading class org/gradle/internal/remote/internal/hub/protocol/RejectedMessage
Event: 4.082 loading class org/gradle/internal/remote/internal/hub/protocol/RejectedMessage done
Event: 4.084 loading class org/gradle/internal/remote/internal/hub/protocol/Routable
Event: 4.084 loading class org/gradle/internal/remote/internal/hub/protocol/Routable done
Event: 4.085 loading class org/gradle/internal/remote/internal/hub/ConnectionSet
Event: 4.085 loading class org/gradle/internal/remote/internal/hub/ConnectionSet done
Event: 4.086 loading class org/gradle/internal/concurrent/DefaultExecutorFactory$TrackedManagedExecutor
Event: 4.086 loading class org/gradle/internal/concurrent/DefaultExecutorFactory$TrackedManagedExecutor done


Dynamic libraries:
0x00007ff72fca0000 - 0x00007ff72fcd7000 	C:\Program Files\Java\jdk1.8.0_251\bin\java.exe
0x00007fffc2240000 - 0x00007fffc2430000 	C:\WINDOWS\SYSTEM32\ntdll.dll
0x00007fffc2140000 - 0x00007fffc21f2000 	C:\WINDOWS\System32\KERNEL32.DLL
0x00007fffbfa80000 - 0x00007fffbfd24000 	C:\WINDOWS\System32\KERNELBASE.dll
0x00007fffc18c0000 - 0x00007fffc1963000 	C:\WINDOWS\System32\ADVAPI32.dll
0x00007fffc0e40000 - 0x00007fffc0ede000 	C:\WINDOWS\System32\msvcrt.dll
0x00007fffc1150000 - 0x00007fffc11e7000 	C:\WINDOWS\System32\sechost.dll
0x00007fffc1210000 - 0x00007fffc1330000 	C:\WINDOWS\System32\RPCRT4.dll
0x00007fffc13c0000 - 0x00007fffc1554000 	C:\WINDOWS\System32\USER32.dll
0x00007fffbfd30000 - 0x00007fffbfd51000 	C:\WINDOWS\System32\win32u.dll
0x00007fffc1120000 - 0x00007fffc1146000 	C:\WINDOWS\System32\GDI32.dll
0x00007fffbfe60000 - 0x00007fffbfff6000 	C:\WINDOWS\System32\gdi32full.dll
0x00007fffc0100000 - 0x00007fffc019e000 	C:\WINDOWS\System32\msvcp_win.dll
0x00007fffc0000000 - 0x00007fffc00fa000 	C:\WINDOWS\System32\ucrtbase.dll
0x00007fffb2eb0000 - 0x00007fffb3134000 	C:\WINDOWS\WinSxS\amd64_microsoft.windows.common-controls_6595b64144ccf1df_6.0.18362.959_none_e6c7bbbf130c62bb\COMCTL32.dll
0x00007fffc0760000 - 0x00007fffc0a95000 	C:\WINDOWS\System32\combase.dll
0x00007fffbfa00000 - 0x00007fffbfa80000 	C:\WINDOWS\System32\bcryptPrimitives.dll
0x00007fffc1970000 - 0x00007fffc199e000 	C:\WINDOWS\System32\IMM32.DLL
0x000000006ad70000 - 0x000000006ae42000 	C:\Program Files\Java\jdk1.8.0_251\jre\bin\msvcr100.dll
0x000000006a4c0000 - 0x000000006ad6b000 	C:\Program Files\Java\jdk1.8.0_251\jre\bin\server\jvm.dll
0x00007fffc1330000 - 0x00007fffc1338000 	C:\WINDOWS\System32\PSAPI.DLL
0x00007fffbbe60000 - 0x00007fffbbe84000 	C:\WINDOWS\SYSTEM32\WINMM.dll
0x00007fffb7c40000 - 0x00007fffb7c49000 	C:\WINDOWS\SYSTEM32\WSOCK32.dll
0x00007fffbbe30000 - 0x00007fffbbe5d000 	C:\WINDOWS\SYSTEM32\WINMMBASE.dll
0x00007fffbf9b0000 - 0x00007fffbf9fa000 	C:\WINDOWS\System32\cfgmgr32.dll
0x00007fffc0fb0000 - 0x00007fffc101f000 	C:\WINDOWS\System32\WS2_32.dll
0x00007fffb78a0000 - 0x00007fffb78aa000 	C:\WINDOWS\SYSTEM32\VERSION.dll
0x00007fffbba20000 - 0x00007fffbba2f000 	C:\Program Files\Java\jdk1.8.0_251\jre\bin\verify.dll
0x00007fff9f010000 - 0x00007fff9f039000 	C:\Program Files\Java\jdk1.8.0_251\jre\bin\java.dll
0x00007fffa3690000 - 0x00007fffa36a6000 	C:\Program Files\Java\jdk1.8.0_251\jre\bin\zip.dll
0x00007fffc1a50000 - 0x00007fffc2136000 	C:\WINDOWS\System32\SHELL32.dll
0x00007fffc19a0000 - 0x00007fffc1a49000 	C:\WINDOWS\System32\shcore.dll
0x00007fffbf1c0000 - 0x00007fffbf942000 	C:\WINDOWS\System32\windows.storage.dll
0x00007fffbf170000 - 0x00007fffbf193000 	C:\WINDOWS\System32\profapi.dll
0x00007fffbf120000 - 0x00007fffbf16a000 	C:\WINDOWS\System32\powrprof.dll
0x00007fffbf0f0000 - 0x00007fffbf100000 	C:\WINDOWS\System32\UMPDC.dll
0x00007fffc0ee0000 - 0x00007fffc0f32000 	C:\WINDOWS\System32\shlwapi.dll
0x00007fffbf1a0000 - 0x00007fffbf1b1000 	C:\WINDOWS\System32\kernel.appcore.dll
0x00007fffbfd60000 - 0x00007fffbfd77000 	C:\WINDOWS\System32\cryptsp.dll
0x00007fff91770000 - 0x00007fff9178a000 	C:\Program Files\Java\jdk1.8.0_251\jre\bin\net.dll
0x00007fffbe960000 - 0x00007fffbe9c7000 	C:\WINDOWS\system32\mswsock.dll
0x00007fff8f6a0000 - 0x00007fff8f6b2000 	C:\Program Files\Java\jdk1.8.0_251\jre\bin\nio.dll

VM Arguments:
jvm_args: -Djava.security.manager=worker.org.gradle.process.internal.worker.child.BootstrapSecurityManager -Dorg.gradle.native=false -Xmx1024M -Dfile.encoding=UTF-8 -Duser.country=CN -Duser.language=zh -Duser.variant -ea 
java_command: worker.org.gradle.process.internal.worker.GradleWorkerMain 'Gradle Test Executor 2'
java_class_path (initial): C:\Users\aqumon\.gradle\caches\6.5.1\workerMain\gradle-worker.jar
Launcher Type: SUN_STANDARD

Environment Variables:
JAVA_HOME=C:\Program Files\Java\jdk1.8.0_251
CLASSPATH=E:\learn\java\spring-boot-parse\spring-boot-parse\\gradle\wrapper\gradle-wrapper.jar
PATH=C:\Program Files (x86)\NetSarang\Xshell 6\;C:\Program Files (x86)\Common Files\Oracle\Java\javapath;C:\WINDOWS\system32;C:\WINDOWS;C:\WINDOWS\System32\Wbem;C:\WINDOWS\System32\WindowsPowerShell\v1.0\;C:\WINDOWS\System32\OpenSSH\;C:\Program Files\Git\cmd;C:\Program Files\Java\jdk1.8.0_251\bin;C:\Program Files\Java\jdk1.8.0_251\jre\bin;E:\apache-maven-3.6.3\bin;C:\Program Files\TortoiseGit\bin;?E:\gradle-6.5.1\bin;E:\gradle-6.5.1\bin;C:\Users\aqumon\AppData\Local\Microsoft\WindowsApps;
USERNAME=aqumon
OS=Windows_NT
PROCESSOR_IDENTIFIER=Intel64 Family 6 Model 94 Stepping 3, GenuineIntel



---------------  S Y S T E M  ---------------

OS: Windows 10.0 , 64 bit Build 18362 (10.0.18362.959)

CPU:total 4 (initial active 4) (4 cores per cpu, 1 threads per core) family 6 model 94 stepping 3, cmov, cx8, fxsr, mmx, sse, sse2, sse3, ssse3, sse4.1, sse4.2, popcnt, avx, avx2, aes, clmul, erms, rtm, 3dnowpref, lzcnt, tsc, tscinvbit, bmi1, bmi2, adx

Memory: 4k page, physical 8287248k(413784k free), swap 23776904k(3816k free)

vm_info: Java HotSpot(TM) 64-Bit Server VM (25.251-b08) for windows-amd64 JRE (1.8.0_251-b08), built on Mar 12 2020 06:31:49 by "" with MS VC++ 10.0 (VS2010)

time: Wed Aug 05 14:34:50 2020
timezone: 中国标准时间
elapsed time: 4 seconds (0d 0h 0m 4s)

