#
# There is insufficient memory for the Java Runtime Environment to continue.
# Native memory allocation (malloc) failed to allocate 1367136 bytes for Chunk::new
# Possible reasons:
#   The system is out of physical RAM or swap space
#   The process is running with CompressedOops enabled, and the Java Heap may be blocking the growth of the native heap
# Possible solutions:
#   Reduce memory load on the system
#   Increase physical memory or swap space
#   Check if swap backing store is full
#   Decrease Java heap size (-Xmx/-Xms)
#   Decrease number of Java threads
#   Decrease Java thread stack sizes (-Xss)
#   Set larger code cache with -XX:ReservedCodeCacheSize=
#   JVM is running with Unscaled Compressed Oops mode in which the Java heap is
#     placed in the first 4GB address space. The Java Heap base address is the
#     maximum limit for the native heap growth. Please use -XX:HeapBaseMinAddress
#     to set the Java Heap base and to place the Java Heap above 4GB virtual address.
# This output file may be truncated or incomplete.
#
#  Out of Memory Error (allocation.cpp:389), pid=17824, tid=0x0000000000002298
#
# JRE version: Java(TM) SE Runtime Environment (8.0_251-b08) (build 1.8.0_251-b08)
# Java VM: Java HotSpot(TM) 64-Bit Server VM (25.251-b08 mixed mode windows-amd64 compressed oops)
# Failed to write core dump. Minidumps are not enabled by default on client versions of Windows
#

---------------  T H R E A D  ---------------

Current thread (0x0000000016c2a800):  JavaThread "C2 CompilerThread1" daemon [_thread_in_native, id=8856, stack(0x00000000172f0000,0x00000000173f0000)]

Stack: [0x00000000172f0000,0x00000000173f0000]
[error occurred during error reporting (printing stack bounds), id 0xc0000005]

Native frames: (J=compiled Java code, j=interpreted, Vv=VM code, C=native code)


Current CompileTask:
C2:  89054 13011   !   4       org.springframework.beans.factory.support.DefaultListableBeanFactory::doGetBeanNamesForType (511 bytes)


---------------  P R O C E S S  ---------------

Java Threads: ( => current thread )
  0x0000000019de2000 JavaThread "Catalina-utility-2" [_thread_blocked, id=18532, stack(0x000000002a200000,0x000000002a300000)]
  0x0000000019de0800 JavaThread "http-nio-auto-29-Acceptor" daemon [_thread_in_native, id=9132, stack(0x000000002a100000,0x000000002a200000)]
  0x0000000019ddc800 JavaThread "http-nio-auto-29-ClientPoller" daemon [_thread_in_native, id=17104, stack(0x000000002a000000,0x000000002a100000)]
  0x0000000019dde000 JavaThread "http-nio-auto-29-exec-10" daemon [_thread_blocked, id=1536, stack(0x0000000029f00000,0x000000002a000000)]
  0x0000000019ddf800 JavaThread "http-nio-auto-29-exec-9" daemon [_thread_blocked, id=14888, stack(0x0000000029e00000,0x0000000029f00000)]
  0x0000000019de3800 JavaThread "http-nio-auto-29-exec-8" daemon [_thread_blocked, id=16076, stack(0x0000000029d00000,0x0000000029e00000)]
  0x0000000019ddf000 JavaThread "http-nio-auto-29-exec-7" daemon [_thread_blocked, id=16876, stack(0x0000000029c00000,0x0000000029d00000)]
  0x0000000019ddd800 JavaThread "http-nio-auto-29-exec-6" daemon [_thread_blocked, id=17152, stack(0x0000000029b00000,0x0000000029c00000)]
  0x0000000019de1000 JavaThread "http-nio-auto-29-exec-5" daemon [_thread_blocked, id=14564, stack(0x0000000029a00000,0x0000000029b00000)]
  0x0000000019dd5000 JavaThread "http-nio-auto-29-exec-4" daemon [_thread_blocked, id=7248, stack(0x0000000029900000,0x0000000029a00000)]
  0x0000000019dd6800 JavaThread "http-nio-auto-29-exec-3" daemon [_thread_blocked, id=11704, stack(0x0000000029800000,0x0000000029900000)]
  0x0000000019ddc000 JavaThread "http-nio-auto-29-exec-2" daemon [_thread_blocked, id=19160, stack(0x0000000029700000,0x0000000029800000)]
  0x0000000019dd8000 JavaThread "http-nio-auto-29-exec-1" daemon [_thread_blocked, id=6936, stack(0x0000000029600000,0x0000000029700000)]
  0x00000000183c2800 JavaThread "http-nio-auto-29-BlockPoller" daemon [_thread_in_native, id=18388, stack(0x0000000029500000,0x0000000029600000)]
  0x00000000183c1000 JavaThread "container-0" [_thread_blocked, id=17632, stack(0x0000000023be0000,0x0000000023ce0000)]
  0x00000000183bf800 JavaThread "Catalina-utility-1" [_thread_blocked, id=17436, stack(0x0000000022a00000,0x0000000022b00000)]
  0x00000000183be800 JavaThread "parallel-1" daemon [_thread_blocked, id=18156, stack(0x0000000020a20000,0x0000000020b20000)]
  0x0000000019ddb000 JavaThread "boundedElastic-1" daemon [_thread_blocked, id=21672, stack(0x000000001f780000,0x000000001f880000)]
  0x0000000019dda800 JavaThread "boundedElastic-evictor-1" daemon [_thread_blocked, id=16836, stack(0x000000001cd60000,0x000000001ce60000)]
  0x0000000019dd9800 JavaThread "reactor-http-nio-4" daemon [_thread_in_native, id=20336, stack(0x0000000020920000,0x0000000020a20000)]
  0x0000000019dd4800 JavaThread "reactor-http-nio-3" daemon [_thread_in_native, id=18180, stack(0x0000000020820000,0x0000000020920000)]
  0x0000000019dd9000 JavaThread "reactor-http-nio-2" daemon [_thread_in_native, id=20984, stack(0x0000000020720000,0x0000000020820000)]
  0x00000000183c2000 JavaThread "reactor-http-nio-1" daemon [_thread_in_native, id=21072, stack(0x0000000020620000,0x0000000020720000)]
  0x0000000018bbb800 JavaThread "/127.0.0.1:49813 to /127.0.0.1:49810 workers Thread 3" [_thread_in_native, id=14452, stack(0x00000000191c0000,0x00000000192c0000)]
  0x0000000018bbb000 JavaThread "/127.0.0.1:49813 to /127.0.0.1:49810 workers Thread 2" [_thread_blocked, id=11560, stack(0x00000000190c0000,0x00000000191c0000)]
  0x0000000018cd3800 JavaThread "Test worker" [_thread_in_native, id=21992, stack(0x0000000018fc0000,0x00000000190c0000)]
  0x0000000016cb3000 JavaThread "Service Thread" daemon [_thread_blocked, id=8060, stack(0x00000000174f0000,0x00000000175f0000)]
  0x0000000016c2e000 JavaThread "C1 CompilerThread2" daemon [_thread_blocked, id=9792, stack(0x00000000173f0000,0x00000000174f0000)]
=>0x0000000016c2a800 JavaThread "C2 CompilerThread1" daemon [_thread_in_native, id=8856, stack(0x00000000172f0000,0x00000000173f0000)]
  0x0000000016c26000 JavaThread "C2 CompilerThread0" daemon [_thread_in_native, id=6680, stack(0x00000000171f0000,0x00000000172f0000)]
  0x0000000016c22000 JavaThread "Attach Listener" daemon [_thread_blocked, id=588, stack(0x00000000170f0000,0x00000000171f0000)]
  0x0000000016c1f000 JavaThread "Signal Dispatcher" daemon [_thread_blocked, id=14912, stack(0x0000000016ff0000,0x00000000170f0000)]
  0x00000000031cc800 JavaThread "Finalizer" daemon [_thread_blocked, id=18696, stack(0x0000000016af0000,0x0000000016bf0000)]
  0x000000001588a000 JavaThread "Reference Handler" daemon [_thread_blocked, id=4708, stack(0x00000000169f0000,0x0000000016af0000)]
  0x00000000030ce000 JavaThread "main" [_thread_blocked, id=20944, stack(0x0000000002f10000,0x0000000003010000)]

Other Threads:
  0x0000000015868000 VMThread [stack: 0x00000000168f0000,0x00000000169f0000] [id=19788]
  0x0000000016cbf800 WatcherThread [stack: 0x00000000175f0000,0x00000000176f0000] [id=9548]

VM state:not at safepoint (normal execution)

VM Mutex/Monitor currently owned by a thread: None

OutOfMemory and StackOverflow Exception counts:
StackOverflowErrors=17

heap address: 0x00000000c0000000, size: 1024 MB, Compressed Oops mode: 32-bit
Narrow klass base: 0x0000000000000000, Narrow klass shift: 3
Compressed class space size: 1073741824 Address: 0x0000000100000000

Heap:
 PSYoungGen      total 322560K, used 45424K [0x00000000eab00000, 0x0000000100000000, 0x0000000100000000)
  eden space 299008K, 8% used [0x00000000eab00000,0x00000000ec4fd5e8,0x00000000fcf00000)
  from space 23552K, 79% used [0x00000000fe900000,0x00000000ffb5ec30,0x0000000100000000)
  to   space 25088K, 0% used [0x00000000fcf00000,0x00000000fcf00000,0x00000000fe780000)
 ParOldGen       total 107520K, used 33417K [0x00000000c0000000, 0x00000000c6900000, 0x00000000eab00000)
  object space 107520K, 31% used [0x00000000c0000000,0x00000000c20a2460,0x00000000c6900000)
 Metaspace       used 83490K, capacity 89322K, committed 89600K, reserved 1126400K
  class space    used 11377K, capacity 12446K, committed 12544K, reserved 1048576K

Card table byte_map: [0x0000000012590000,0x00000000127a0000] byte_map_base: 0x0000000011f90000

Marking Bits: (ParMarkBitMap*) 0x000000006aceaf90
 Begin Bits: [0x0000000012d00000, 0x0000000013d00000)
 End Bits:   [0x0000000013d00000, 0x0000000014d00000)

Polling page: 0x0000000000d50000

CodeCache: size=245760Kb used=35515Kb max_used=36648Kb free=210244Kb
 bounds [0x00000000031d0000, 0x00000000055d0000, 0x00000000121d0000]
 total_blobs=11256 nmethods=10646 adapters=521
 compilation: enabled

Compilation events (10 events):
Event: 88.870 Thread 0x0000000016c2e000 13049       3       org.jvnet.hk2.spring.bridge.internal.SpringToHK2JITResolver::getName (62 bytes)
Event: 88.871 Thread 0x0000000016c2e000 nmethod 13049 0x0000000003a1ffd0 code [0x0000000003a201c0, 0x0000000003a20bb8]
Event: 88.871 Thread 0x0000000016c2e000 13050       3       org.jvnet.hk2.internal.ServiceLocatorImpl::igdCacheCompute (112 bytes)
Event: 88.872 Thread 0x0000000016c2e000 nmethod 13050 0x00000000035bdc90 code [0x00000000035bdf00, 0x00000000035bed38]
Event: 88.875 Thread 0x0000000016c2e000 13051       3       org.apache.tomcat.util.http.MimeHeaderField::recycle (15 bytes)
Event: 88.875 Thread 0x0000000016c2e000 nmethod 13051 0x00000000050bcad0 code [0x00000000050bcc40, 0x00000000050bcf18]
Event: 88.875 Thread 0x0000000016c2e000 13053   !   3       io.netty.channel.AbstractChannelHandlerContext::invokeChannelReadComplete (38 bytes)
Event: 88.876 Thread 0x0000000016c2e000 nmethod 13053 0x00000000039b5c50 code [0x00000000039b5e60, 0x00000000039b6a18]
Event: 88.876 Thread 0x0000000016c2e000 13052   !   3       reactor.core.publisher.FluxPeek$PeekSubscriber::onComplete (110 bytes)
Event: 88.876 Thread 0x0000000016c2e000 nmethod 13052 0x0000000003a1a750 code [0x0000000003a1a9e0, 0x0000000003a1b9f8]

GC Heap History (10 events):
Event: 51.344 GC heap before
{Heap before GC invocations=17 (full 3):
 PSYoungGen      total 331776K, used 327293K [0x00000000eab00000, 0x0000000100000000, 0x0000000100000000)
  eden space 315392K, 100% used [0x00000000eab00000,0x00000000fdf00000,0x00000000fdf00000)
  from space 16384K, 72% used [0x00000000fdf00000,0x00000000fea9f6f8,0x00000000fef00000)
  to   space 16896K, 0% used [0x00000000fef80000,0x00000000fef80000,0x0000000100000000)
 ParOldGen       total 107520K, used 26173K [0x00000000c0000000, 0x00000000c6900000, 0x00000000eab00000)
  object space 107520K, 24% used [0x00000000c0000000,0x00000000c198f470,0x00000000c6900000)
 Metaspace       used 64357K, capacity 68716K, committed 68992K, reserved 1107968K
  class space    used 8975K, capacity 9740K, committed 9856K, reserved 1048576K
Event: 51.373 GC heap after
Heap after GC invocations=17 (full 3):
 PSYoungGen      total 330240K, used 13998K [0x00000000eab00000, 0x0000000100000000, 0x0000000100000000)
  eden space 313344K, 0% used [0x00000000eab00000,0x00000000eab00000,0x00000000fdd00000)
  from space 16896K, 82% used [0x00000000fef80000,0x00000000ffd2b8b0,0x0000000100000000)
  to   space 17920K, 0% used [0x00000000fdd00000,0x00000000fdd00000,0x00000000fee80000)
 ParOldGen       total 107520K, used 26181K [0x00000000c0000000, 0x00000000c6900000, 0x00000000eab00000)
  object space 107520K, 24% used [0x00000000c0000000,0x00000000c1991470,0x00000000c6900000)
 Metaspace       used 64357K, capacity 68716K, committed 68992K, reserved 1107968K
  class space    used 8975K, capacity 9740K, committed 9856K, reserved 1048576K
}
Event: 65.211 GC heap before
{Heap before GC invocations=18 (full 3):
 PSYoungGen      total 330240K, used 327342K [0x00000000eab00000, 0x0000000100000000, 0x0000000100000000)
  eden space 313344K, 100% used [0x00000000eab00000,0x00000000fdd00000,0x00000000fdd00000)
  from space 16896K, 82% used [0x00000000fef80000,0x00000000ffd2b8b0,0x0000000100000000)
  to   space 17920K, 0% used [0x00000000fdd00000,0x00000000fdd00000,0x00000000fee80000)
 ParOldGen       total 107520K, used 26181K [0x00000000c0000000, 0x00000000c6900000, 0x00000000eab00000)
  object space 107520K, 24% used [0x00000000c0000000,0x00000000c1991470,0x00000000c6900000)
 Metaspace       used 72675K, capacity 77278K, committed 77568K, reserved 1116160K
  class space    used 9879K, capacity 10706K, committed 10752K, reserved 1048576K
Event: 65.316 GC heap after
Heap after GC invocations=18 (full 3):
 PSYoungGen      total 331264K, used 17916K [0x00000000eab00000, 0x0000000100000000, 0x0000000100000000)
  eden space 313344K, 0% used [0x00000000eab00000,0x00000000eab00000,0x00000000fdd00000)
  from space 17920K, 99% used [0x00000000fdd00000,0x00000000fee7f140,0x00000000fee80000)
  to   space 17920K, 0% used [0x00000000fee80000,0x00000000fee80000,0x0000000100000000)
 ParOldGen       total 107520K, used 29452K [0x00000000c0000000, 0x00000000c6900000, 0x00000000eab00000)
  object space 107520K, 27% used [0x00000000c0000000,0x00000000c1cc3280,0x00000000c6900000)
 Metaspace       used 72675K, capacity 77278K, committed 77568K, reserved 1116160K
  class space    used 9879K, capacity 10706K, committed 10752K, reserved 1048576K
}
Event: 69.703 GC heap before
{Heap before GC invocations=19 (full 3):
 PSYoungGen      total 331264K, used 331260K [0x00000000eab00000, 0x0000000100000000, 0x0000000100000000)
  eden space 313344K, 100% used [0x00000000eab00000,0x00000000fdd00000,0x00000000fdd00000)
  from space 17920K, 99% used [0x00000000fdd00000,0x00000000fee7f140,0x00000000fee80000)
  to   space 17920K, 0% used [0x00000000fee80000,0x00000000fee80000,0x0000000100000000)
 ParOldGen       total 107520K, used 29452K [0x00000000c0000000, 0x00000000c6900000, 0x00000000eab00000)
  object space 107520K, 27% used [0x00000000c0000000,0x00000000c1cc3280,0x00000000c6900000)
 Metaspace       used 75578K, capacity 80318K, committed 80512K, reserved 1118208K
  class space    used 10256K, capacity 11102K, committed 11136K, reserved 1048576K
Event: 69.730 GC heap after
Heap after GC invocations=19 (full 3):
 PSYoungGen      total 323072K, used 16193K [0x00000000eab00000, 0x0000000100000000, 0x0000000100000000)
  eden space 305152K, 0% used [0x00000000eab00000,0x00000000eab00000,0x00000000fd500000)
  from space 17920K, 90% used [0x00000000fee80000,0x00000000ffe507e8,0x0000000100000000)
  to   space 22016K, 0% used [0x00000000fd500000,0x00000000fd500000,0x00000000fea80000)
 ParOldGen       total 107520K, used 33401K [0x00000000c0000000, 0x00000000c6900000, 0x00000000eab00000)
  object space 107520K, 31% used [0x00000000c0000000,0x00000000c209e460,0x00000000c6900000)
 Metaspace       used 75578K, capacity 80318K, committed 80512K, reserved 1118208K
  class space    used 10256K, capacity 11102K, committed 11136K, reserved 1048576K
}
Event: 78.856 GC heap before
{Heap before GC invocations=20 (full 3):
 PSYoungGen      total 323072K, used 321345K [0x00000000eab00000, 0x0000000100000000, 0x0000000100000000)
  eden space 305152K, 100% used [0x00000000eab00000,0x00000000fd500000,0x00000000fd500000)
  from space 17920K, 90% used [0x00000000fee80000,0x00000000ffe507e8,0x0000000100000000)
  to   space 22016K, 0% used [0x00000000fd500000,0x00000000fd500000,0x00000000fea80000)
 ParOldGen       total 107520K, used 33401K [0x00000000c0000000, 0x00000000c6900000, 0x00000000eab00000)
  object space 107520K, 31% used [0x00000000c0000000,0x00000000c209e460,0x00000000c6900000)
 Metaspace       used 79761K, capacity 84596K, committed 84608K, reserved 1122304K
  class space    used 10765K, capacity 11643K, committed 11648K, reserved 1048576K
Event: 78.872 GC heap after
Heap after GC invocations=20 (full 3):
 PSYoungGen      total 324096K, used 18489K [0x00000000eab00000, 0x0000000100000000, 0x0000000100000000)
  eden space 305152K, 0% used [0x00000000eab00000,0x00000000eab00000,0x00000000fd500000)
  from space 18944K, 97% used [0x00000000fd500000,0x00000000fe70e6e0,0x00000000fe780000)
  to   space 23552K, 0% used [0x00000000fe900000,0x00000000fe900000,0x0000000100000000)
 ParOldGen       total 107520K, used 33409K [0x00000000c0000000, 0x00000000c6900000, 0x00000000eab00000)
  object space 107520K, 31% used [0x00000000c0000000,0x00000000c20a0460,0x00000000c6900000)
 Metaspace       used 79761K, capacity 84596K, committed 84608K, reserved 1122304K
  class space    used 10765K, capacity 11643K, committed 11648K, reserved 1048576K
}
Event: 88.073 GC heap before
{Heap before GC invocations=21 (full 3):
 PSYoungGen      total 324096K, used 323641K [0x00000000eab00000, 0x0000000100000000, 0x0000000100000000)
  eden space 305152K, 100% used [0x00000000eab00000,0x00000000fd500000,0x00000000fd500000)
  from space 18944K, 97% used [0x00000000fd500000,0x00000000fe70e6e0,0x00000000fe780000)
  to   space 23552K, 0% used [0x00000000fe900000,0x00000000fe900000,0x0000000100000000)
 ParOldGen       total 107520K, used 33409K [0x00000000c0000000, 0x00000000c6900000, 0x00000000eab00000)
  object space 107520K, 31% used [0x00000000c0000000,0x00000000c20a0460,0x00000000c6900000)
 Metaspace       used 83433K, capacity 89246K, committed 89600K, reserved 1126400K
  class space    used 11376K, capacity 12443K, committed 12544K, reserved 1048576K
Event: 88.102 GC heap after
Heap after GC invocations=21 (full 3):
 PSYoungGen      total 322560K, used 18811K [0x00000000eab00000, 0x0000000100000000, 0x0000000100000000)
  eden space 299008K, 0% used [0x00000000eab00000,0x00000000eab00000,0x00000000fcf00000)
  from space 23552K, 79% used [0x00000000fe900000,0x00000000ffb5ec30,0x0000000100000000)
  to   space 25088K, 0% used [0x00000000fcf00000,0x00000000fcf00000,0x00000000fe780000)
 ParOldGen       total 107520K, used 33417K [0x00000000c0000000, 0x00000000c6900000, 0x00000000eab00000)
  object space 107520K, 31% used [0x00000000c0000000,0x00000000c20a2460,0x00000000c6900000)
 Metaspace       used 83433K, capacity 89246K, committed 89600K, reserved 1126400K
  class space    used 11376K, capacity 12443K, committed 12544K, reserved 1048576K
}

Deoptimization events (10 events):
Event: 80.533 Thread 0x0000000018cd3800 Uncommon trap: reason=unstable_if action=reinterpret pc=0x00000000032f93b8 method=java.lang.Throwable.fillInStackTrace()Ljava/lang/Throwable; @ 4
Event: 80.715 Thread 0x0000000018cd3800 Uncommon trap: reason=array_check action=maybe_recompile pc=0x00000000053efec4 method=java.util.TimSort.reverseRange([Ljava/lang/Object;II)V @ 20
Event: 80.763 Thread 0x0000000018cd3800 Uncommon trap: reason=unstable_if action=reinterpret pc=0x00000000041784b4 method=org.springframework.core.annotation.AnnotationsScanner.processClassHierarchy(Ljava/lang/Object;[ILjava/lang/Class;Lorg/springframework/core/annotation/AnnotationsProcessor;L
Event: 80.831 Thread 0x0000000018cd3800 Uncommon trap: reason=unstable_if action=reinterpret pc=0x000000000389de2c method=org.springframework.util.Assert.state(ZLjava/lang/String;)V @ 1
Event: 80.838 Thread 0x0000000018cd3800 Uncommon trap: reason=array_check action=maybe_recompile pc=0x00000000053efec4 method=java.util.TimSort.reverseRange([Ljava/lang/Object;II)V @ 20
Event: 81.439 Thread 0x0000000018cd3800 Uncommon trap: reason=unstable_if action=reinterpret pc=0x0000000004dcbc10 method=java.util.AbstractList.equals(Ljava/lang/Object;)Z @ 2
Event: 81.443 Thread 0x0000000018cd3800 Uncommon trap: reason=unstable_if action=reinterpret pc=0x0000000004a23188 method=org.springframework.util.StringUtils.containsText(Ljava/lang/CharSequence;)Z @ 24
Event: 81.448 Thread 0x0000000018cd3800 Uncommon trap: reason=unstable_if action=reinterpret pc=0x00000000039da8d8 method=org.springframework.util.StringUtils.containsText(Ljava/lang/CharSequence;)Z @ 24
Event: 84.607 Thread 0x0000000019de2000 Uncommon trap: reason=unstable_if action=reinterpret pc=0x0000000003f36c94 method=java.util.IdentityHashMap.maskNull(Ljava/lang/Object;)Ljava/lang/Object; @ 1
Event: 88.874 Thread 0x0000000019de1000 Uncommon trap: reason=unstable_if action=reinterpret pc=0x00000000041c9d94 method=java.nio.Buffer.<init>(IIII)V @ 66

Classes redefined (0 events):
No events

Internal exceptions (10 events):
Event: 87.447 Thread 0x0000000018cd3800 Exception <a 'java/io/FileNotFoundException'> (0x00000000fbd9fa20) thrown at [C:\jenkins\workspace\8-2-build-windows-amd64-cygwin\jdk8u251\737\hotspot\src\share\vm\prims\jni.cpp, line 710]
Event: 87.448 Thread 0x0000000018cd3800 Exception <a 'java/io/FileNotFoundException'> (0x00000000fbda1760) thrown at [C:\jenkins\workspace\8-2-build-windows-amd64-cygwin\jdk8u251\737\hotspot\src\share\vm\prims\jni.cpp, line 710]
Event: 87.448 Thread 0x0000000018cd3800 Exception <a 'java/io/FileNotFoundException'> (0x00000000fbda3478) thrown at [C:\jenkins\workspace\8-2-build-windows-amd64-cygwin\jdk8u251\737\hotspot\src\share\vm\prims\jni.cpp, line 710]
Event: 87.696 Thread 0x0000000018cd3800 Exception <a 'java/io/FileNotFoundException'> (0x00000000fbf43100) thrown at [C:\jenkins\workspace\8-2-build-windows-amd64-cygwin\jdk8u251\737\hotspot\src\share\vm\prims\jni.cpp, line 710]
Event: 88.593 Thread 0x0000000019dd5000 Exception <a 'java/lang/InterruptedException': sleep interrupted> (0x00000000eb515cb0) thrown at [C:\jenkins\workspace\8-2-build-windows-amd64-cygwin\jdk8u251\737\hotspot\src\share\vm\prims\jvm.cpp, line 3336]
Event: 88.643 Thread 0x0000000018cd3800 Exception <a 'java/io/FileNotFoundException'> (0x00000000ead60ac0) thrown at [C:\jenkins\workspace\8-2-build-windows-amd64-cygwin\jdk8u251\737\hotspot\src\share\vm\prims\jni.cpp, line 710]
Event: 88.643 Thread 0x0000000018cd3800 Exception <a 'java/io/FileNotFoundException'> (0x00000000ead627d8) thrown at [C:\jenkins\workspace\8-2-build-windows-amd64-cygwin\jdk8u251\737\hotspot\src\share\vm\prims\jni.cpp, line 710]
Event: 88.643 Thread 0x0000000018cd3800 Exception <a 'java/io/FileNotFoundException'> (0x00000000ead64518) thrown at [C:\jenkins\workspace\8-2-build-windows-amd64-cygwin\jdk8u251\737\hotspot\src\share\vm\prims\jni.cpp, line 710]
Event: 88.644 Thread 0x0000000018cd3800 Exception <a 'java/io/FileNotFoundException'> (0x00000000ead66230) thrown at [C:\jenkins\workspace\8-2-build-windows-amd64-cygwin\jdk8u251\737\hotspot\src\share\vm\prims\jni.cpp, line 710]
Event: 88.775 Thread 0x0000000018cd3800 Exception <a 'java/io/FileNotFoundException'> (0x00000000eaf0a3e8) thrown at [C:\jenkins\workspace\8-2-build-windows-amd64-cygwin\jdk8u251\737\hotspot\src\share\vm\prims\jni.cpp, line 710]

Events (10 events):
Event: 88.813 Executing VM operation: RevokeBias done
Event: 88.815 Thread 0x0000000016c2e000 flushing nmethod 0x000000000428db90
Event: 88.816 Thread 0x0000000016c2e000 flushing nmethod 0x0000000004439a90
Event: 88.873 loading class org/mockito/configuration/MockitoConfiguration
Event: 88.873 loading class org/mockito/configuration/MockitoConfiguration done
Event: 88.874 Thread 0x0000000019de1000 Uncommon trap: trap_request=0xffffff65 fr.pc=0x00000000041c9d94
Event: 88.874 Thread 0x0000000019de1000 DEOPT PACKING pc=0x00000000041c9d94 sp=0x0000000029afe6f0
Event: 88.874 Executing VM operation: RevokeBias
Event: 88.874 Thread 0x0000000019de1000 DEOPT UNPACKING pc=0x000000000321583b sp=0x0000000029afe640 mode 2
Event: 88.875 Executing VM operation: RevokeBias done


Dynamic libraries:
0x00007ff72fca0000 - 0x00007ff72fcd7000 	C:\Program Files\Java\jdk1.8.0_251\bin\java.exe
0x00007fffc2240000 - 0x00007fffc2430000 	C:\WINDOWS\SYSTEM32\ntdll.dll
0x00007fffc2140000 - 0x00007fffc21f2000 	C:\WINDOWS\System32\KERNEL32.DLL
0x00007fffbfa80000 - 0x00007fffbfd24000 	C:\WINDOWS\System32\KERNELBASE.dll
0x00007fffc18c0000 - 0x00007fffc1963000 	C:\WINDOWS\System32\ADVAPI32.dll
0x00007fffc0e40000 - 0x00007fffc0ede000 	C:\WINDOWS\System32\msvcrt.dll
0x00007fffc1150000 - 0x00007fffc11e7000 	C:\WINDOWS\System32\sechost.dll
0x00007fffc1210000 - 0x00007fffc1330000 	C:\WINDOWS\System32\RPCRT4.dll
0x00007fffc13c0000 - 0x00007fffc1554000 	C:\WINDOWS\System32\USER32.dll
0x00007fffbfd30000 - 0x00007fffbfd51000 	C:\WINDOWS\System32\win32u.dll
0x00007fffc1120000 - 0x00007fffc1146000 	C:\WINDOWS\System32\GDI32.dll
0x00007fffbfe60000 - 0x00007fffbfff6000 	C:\WINDOWS\System32\gdi32full.dll
0x00007fffc0100000 - 0x00007fffc019e000 	C:\WINDOWS\System32\msvcp_win.dll
0x00007fffc0000000 - 0x00007fffc00fa000 	C:\WINDOWS\System32\ucrtbase.dll
0x00007fffb2eb0000 - 0x00007fffb3134000 	C:\WINDOWS\WinSxS\amd64_microsoft.windows.common-controls_6595b64144ccf1df_6.0.18362.959_none_e6c7bbbf130c62bb\COMCTL32.dll
0x00007fffc0760000 - 0x00007fffc0a95000 	C:\WINDOWS\System32\combase.dll
0x00007fffbfa00000 - 0x00007fffbfa80000 	C:\WINDOWS\System32\bcryptPrimitives.dll
0x00007fffc1970000 - 0x00007fffc199e000 	C:\WINDOWS\System32\IMM32.DLL
0x000000006ad70000 - 0x000000006ae42000 	C:\Program Files\Java\jdk1.8.0_251\jre\bin\msvcr100.dll
0x000000006a4c0000 - 0x000000006ad6b000 	C:\Program Files\Java\jdk1.8.0_251\jre\bin\server\jvm.dll
0x00007fffc1330000 - 0x00007fffc1338000 	C:\WINDOWS\System32\PSAPI.DLL
0x00007fffbbe60000 - 0x00007fffbbe84000 	C:\WINDOWS\SYSTEM32\WINMM.dll
0x00007fffb78a0000 - 0x00007fffb78aa000 	C:\WINDOWS\SYSTEM32\VERSION.dll
0x00007fffbbe30000 - 0x00007fffbbe5d000 	C:\WINDOWS\SYSTEM32\WINMMBASE.dll
0x00007fffbf9b0000 - 0x00007fffbf9fa000 	C:\WINDOWS\System32\cfgmgr32.dll
0x00007fffb7c40000 - 0x00007fffb7c49000 	C:\WINDOWS\SYSTEM32\WSOCK32.dll
0x00007fffc0fb0000 - 0x00007fffc101f000 	C:\WINDOWS\System32\WS2_32.dll
0x00007fffbba20000 - 0x00007fffbba2f000 	C:\Program Files\Java\jdk1.8.0_251\jre\bin\verify.dll
0x00007fff9f010000 - 0x00007fff9f039000 	C:\Program Files\Java\jdk1.8.0_251\jre\bin\java.dll
0x00007fffa3690000 - 0x00007fffa36a6000 	C:\Program Files\Java\jdk1.8.0_251\jre\bin\zip.dll
0x00007fffc1a50000 - 0x00007fffc2136000 	C:\WINDOWS\System32\SHELL32.dll
0x00007fffc19a0000 - 0x00007fffc1a49000 	C:\WINDOWS\System32\shcore.dll
0x00007fffbf1c0000 - 0x00007fffbf942000 	C:\WINDOWS\System32\windows.storage.dll
0x00007fffbf170000 - 0x00007fffbf193000 	C:\WINDOWS\System32\profapi.dll
0x00007fffbf120000 - 0x00007fffbf16a000 	C:\WINDOWS\System32\powrprof.dll
0x00007fffbf0f0000 - 0x00007fffbf100000 	C:\WINDOWS\System32\UMPDC.dll
0x00007fffc0ee0000 - 0x00007fffc0f32000 	C:\WINDOWS\System32\shlwapi.dll
0x00007fffbf1a0000 - 0x00007fffbf1b1000 	C:\WINDOWS\System32\kernel.appcore.dll
0x00007fffbfd60000 - 0x00007fffbfd77000 	C:\WINDOWS\System32\cryptsp.dll
0x00007fff91770000 - 0x00007fff9178a000 	C:\Program Files\Java\jdk1.8.0_251\jre\bin\net.dll
0x00007fffbe960000 - 0x00007fffbe9c7000 	C:\WINDOWS\system32\mswsock.dll
0x00007fff8f6a0000 - 0x00007fff8f6b2000 	C:\Program Files\Java\jdk1.8.0_251\jre\bin\nio.dll
0x00007fffbe4d0000 - 0x00007fffbe503000 	C:\WINDOWS\system32\rsaenh.dll
0x00007fffbfe30000 - 0x00007fffbfe56000 	C:\WINDOWS\System32\bcrypt.dll
0x00007fffbefe0000 - 0x00007fffbf005000 	C:\WINDOWS\SYSTEM32\USERENV.dll
0x00007fffbeb30000 - 0x00007fffbeb3c000 	C:\WINDOWS\SYSTEM32\CRYPTBASE.dll
0x00007fffbe670000 - 0x00007fffbe6aa000 	C:\WINDOWS\SYSTEM32\IPHLPAPI.DLL
0x00007fffc1020000 - 0x00007fffc1028000 	C:\WINDOWS\System32\NSI.dll
0x00007fffb8bc0000 - 0x00007fffb8bd6000 	C:\WINDOWS\SYSTEM32\dhcpcsvc6.DLL
0x00007fffb7940000 - 0x00007fffb795c000 	C:\WINDOWS\SYSTEM32\dhcpcsvc.DLL
0x00007fffbe6b0000 - 0x00007fffbe77b000 	C:\WINDOWS\SYSTEM32\DNSAPI.dll
0x00007fffbba10000 - 0x00007fffbba1d000 	C:\Program Files\Java\jdk1.8.0_251\jre\bin\management.dll
0x00007fffab850000 - 0x00007fffab866000 	C:\WINDOWS\system32\napinsp.dll
0x00007fffab830000 - 0x00007fffab84a000 	C:\WINDOWS\system32\pnrpnsp.dll
0x00007fffaa200000 - 0x00007fffaa215000 	C:\WINDOWS\system32\wshbth.dll
0x00007fffbb900000 - 0x00007fffbb91c000 	C:\WINDOWS\system32\NLAapi.dll
0x00007fffab820000 - 0x00007fffab82e000 	C:\WINDOWS\System32\winrnr.dll
0x00007fffb7bc0000 - 0x00007fffb7bca000 	C:\Windows\System32\rasadhlp.dll
0x00007fffb8560000 - 0x00007fffb85d7000 	C:\WINDOWS\System32\fwpuclnt.dll
0x00007fffaaa00000 - 0x00007fffaaa24000 	C:\Program Files\Java\jdk1.8.0_251\jre\bin\sunec.dll
0x00007fffac330000 - 0x00007fffac33c000 	C:\Program Files\Java\jdk1.8.0_251\jre\bin\sunmscapi.dll
0x00007fffc01a0000 - 0x00007fffc02e9000 	C:\WINDOWS\System32\CRYPT32.dll
0x00007fffbf100000 - 0x00007fffbf112000 	C:\WINDOWS\System32\MSASN1.dll
0x00007fffbec30000 - 0x00007fffbec56000 	C:\WINDOWS\SYSTEM32\ncrypt.dll
0x00007fffbebf0000 - 0x00007fffbec2b000 	C:\WINDOWS\SYSTEM32\NTASN1.dll

VM Arguments:
jvm_args: -Djava.security.manager=worker.org.gradle.process.internal.worker.child.BootstrapSecurityManager -Dorg.gradle.native=false -Xmx1024M -Dfile.encoding=UTF-8 -Duser.country=CN -Duser.language=zh -Duser.variant -ea 
java_command: worker.org.gradle.process.internal.worker.GradleWorkerMain 'Gradle Test Executor 5'
java_class_path (initial): C:\Users\aqumon\.gradle\caches\6.5.1\workerMain\gradle-worker.jar
Launcher Type: SUN_STANDARD

Environment Variables:
JAVA_HOME=C:\Program Files\Java\jdk1.8.0_251
CLASSPATH=E:\learn\java\spring-boot-parse\spring-boot-parse\\gradle\wrapper\gradle-wrapper.jar
PATH=C:\Program Files (x86)\NetSarang\Xshell 6\;C:\Program Files (x86)\Common Files\Oracle\Java\javapath;C:\WINDOWS\system32;C:\WINDOWS;C:\WINDOWS\System32\Wbem;C:\WINDOWS\System32\WindowsPowerShell\v1.0\;C:\WINDOWS\System32\OpenSSH\;C:\Program Files\Git\cmd;C:\Program Files\Java\jdk1.8.0_251\bin;C:\Program Files\Java\jdk1.8.0_251\jre\bin;E:\apache-maven-3.6.3\bin;C:\Program Files\TortoiseGit\bin;?E:\gradle-6.5.1\bin;E:\gradle-6.5.1\bin;C:\Users\aqumon\AppData\Local\Microsoft\WindowsApps;
USERNAME=aqumon
OS=Windows_NT
PROCESSOR_IDENTIFIER=Intel64 Family 6 Model 94 Stepping 3, GenuineIntel



---------------  S Y S T E M  ---------------

OS: Windows 10.0 , 64 bit Build 18362 (10.0.18362.959)

CPU:total 4 (initial active 4) (4 cores per cpu, 1 threads per core) family 6 model 94 stepping 3, cmov, cx8, fxsr, mmx, sse, sse2, sse3, ssse3, sse4.1, sse4.2, popcnt, avx, avx2, aes, clmul, erms, rtm, 3dnowpref, lzcnt, tsc, tscinvbit, bmi1, bmi2, adx

Memory: 4k page, physical 8287248k(496420k free), swap 23776904k(9144k free)

vm_info: Java HotSpot(TM) 64-Bit Server VM (25.251-b08) for windows-amd64 JRE (1.8.0_251-b08), built on Mar 12 2020 06:31:49 by "" with MS VC++ 10.0 (VS2010)

time: Wed Aug 05 14:51:29 2020
timezone: 中国标准时间
elapsed time: 89 seconds (0d 0h 1m 29s)

